<?xml version="1.0" encoding="UTF-8"?>
<testng-results skipped="0" failed="0" total="1" passed="1">
  <reporter-output>
  </reporter-output>
  <suite name="continous testing" duration-ms="7826" started-at="2018-05-06T05:47:25Z" finished-at="2018-05-06T05:47:32Z">
    <groups>
    </groups>
    <test name="chromeTests" duration-ms="7826" started-at="2018-05-06T05:47:25Z" finished-at="2018-05-06T05:47:32Z">
      <class name="tests.GoogleTest">
        <test-method status="PASS" signature="driverInitialization(java.lang.String)[pri:0, instance:tests.GoogleTest@2096442d]" name="driverInitialization" is-config="true" duration-ms="4019" started-at="2018-05-06T11:17:25Z" finished-at="2018-05-06T11:17:29Z">
          <params>
            <param index="0">
              <value>
                <![CDATA[chrome]]>
              </value>
            </param>
          </params>
          <reporter-output>
          </reporter-output>
        </test-method> <!-- driverInitialization -->
        <test-method status="PASS" signature="f()[pri:0, instance:tests.GoogleTest@2096442d]" name="f" duration-ms="3093" started-at="2018-05-06T11:17:29Z" finished-at="2018-05-06T11:17:32Z">
          <reporter-output>
          </reporter-output>
        </test-method> <!-- f -->
        <test-method status="PASS" signature="closeBrowsers()[pri:0, instance:tests.GoogleTest@2096442d]" name="closeBrowsers" is-config="true" duration-ms="696" started-at="2018-05-06T11:17:32Z" finished-at="2018-05-06T11:17:32Z">
          <reporter-output>
          </reporter-output>
        </test-method> <!-- closeBrowsers -->
      </class> <!-- tests.GoogleTest -->
    </test> <!-- chromeTests -->
  </suite> <!-- continous testing -->
</testng-results>
