<?xml version="1.0" encoding="UTF-8"?>
<testng-results skipped="0" failed="0" total="2" passed="2">
  <reporter-output>
  </reporter-output>
  <suite name="continous testing" duration-ms="20779" started-at="2018-05-05T14:10:26Z" finished-at="2018-05-05T14:10:47Z">
    <groups>
    </groups>
    <test name="chromeTests" duration-ms="13791" started-at="2018-05-05T14:10:26Z" finished-at="2018-05-05T14:10:40Z">
      <class name="tests.GoogleTest">
        <test-method status="PASS" signature="f()[pri:0, instance:tests.GoogleTest@402a079c]" name="f" duration-ms="8477" started-at="2018-05-05T19:40:31Z" finished-at="2018-05-05T19:40:39Z">
          <reporter-output>
          </reporter-output>
        </test-method> <!-- f -->
      </class> <!-- tests.GoogleTest -->
      <class name="tests.DriverFactory">
        <test-method status="PASS" signature="driverInitialization(java.lang.String)[pri:0, instance:tests.DriverFactory@4f7d0008]" name="driverInitialization" is-config="true" duration-ms="4629" started-at="2018-05-05T19:40:26Z" finished-at="2018-05-05T19:40:31Z">
          <params>
            <param index="0">
              <value>
                <![CDATA[chrome]]>
              </value>
            </param>
          </params>
          <reporter-output>
          </reporter-output>
        </test-method> <!-- driverInitialization -->
        <test-method status="PASS" signature="closeBrowsers()[pri:0, instance:tests.DriverFactory@4f7d0008]" name="closeBrowsers" is-config="true" duration-ms="674" started-at="2018-05-05T19:40:39Z" finished-at="2018-05-05T19:40:40Z">
          <reporter-output>
          </reporter-output>
        </test-method> <!-- closeBrowsers -->
      </class> <!-- tests.DriverFactory -->
    </test> <!-- chromeTests -->
    <test name="firefoxTests" duration-ms="20779" started-at="2018-05-05T14:10:26Z" finished-at="2018-05-05T14:10:47Z">
      <class name="tests.GoogleTest">
        <test-method status="PASS" signature="f()[pri:0, instance:tests.GoogleTest@25bbe1b6]" name="f" duration-ms="5021" started-at="2018-05-05T19:40:42Z" finished-at="2018-05-05T19:40:47Z">
          <reporter-output>
          </reporter-output>
        </test-method> <!-- f -->
      </class> <!-- tests.GoogleTest -->
      <class name="tests.DriverFactory">
        <test-method status="PASS" signature="driverInitialization(java.lang.String)[pri:0, instance:tests.DriverFactory@ff5b51f]" name="driverInitialization" is-config="true" duration-ms="15280" started-at="2018-05-05T19:40:26Z" finished-at="2018-05-05T19:40:42Z">
          <params>
            <param index="0">
              <value>
                <![CDATA[firefox]]>
              </value>
            </param>
          </params>
          <reporter-output>
          </reporter-output>
        </test-method> <!-- driverInitialization -->
        <test-method status="PASS" signature="closeBrowsers()[pri:0, instance:tests.DriverFactory@ff5b51f]" name="closeBrowsers" is-config="true" duration-ms="470" started-at="2018-05-05T19:40:47Z" finished-at="2018-05-05T19:40:47Z">
          <reporter-output>
          </reporter-output>
        </test-method> <!-- closeBrowsers -->
      </class> <!-- tests.DriverFactory -->
    </test> <!-- firefoxTests -->
  </suite> <!-- continous testing -->
</testng-results>
